<?xml version="1.0" encoding="UTF-8"?>
<!-- Generated by org.testng.reporters.JUnitXMLReporter -->
<testsuite hostname="T460s-60086" failures="0" tests="2" name="Test" time="10.162" errors="0" timestamp="11 Nov 2021 06:19:54 GMT">
  <testcase classname="com.aspirationbank.modules.SpreadandSaveTest" name="@BeforeClass setupp" time="0.0">
    <failure type="java.lang.NullPointerException" message="Cannot read field &amp;quot;prop&amp;quot; because &amp;quot;this.loadprop&amp;quot; is null">
      <![CDATA[java.lang.NullPointerException: Cannot read field "prop" because "this.loadprop" is null
	at com.aspirationbank.utils.TestBase.setupp(TestBase.java:46)
... Removed 24 stack frames]]>
    </failure>
  </testcase> <!-- @BeforeClass setupp -->
  <testcase classname="com.aspirationbank.modules.SpreadandSaveTest" name="@AfterClass cleanUp" time="0.0">
    <skipped/>
  </testcase> <!-- @AfterClass cleanUp -->
  <testcase classname="com.aspirationbank.modules.AspirationPageTest" name="@AfterTest teardown" time="0.0">
    <skipped/>
  </testcase> <!-- @AfterTest teardown -->
  <testcase classname="com.aspirationbank.modules.AspirationPageTest" name="getHomePage" time="2.586"/>
  <testcase classname="com.aspirationbank.modules.SpreadandSaveTest" name="getSpenandSave" time="0.002">
    <skipped/>
  </testcase> <!-- getSpenandSave -->
</testsuite> <!-- Test -->
